INFO:albumentations.check_version:A new version of Albumentations is available: 1.4.15 (you have 1.4.11). Upgrade using: pip install --upgrade albumentations
WARNING:xformers:WARNING[XFORMERS]: xFormers can't load C++/CUDA extensions. xFormers was built for:
    PyTorch 2.1.1+cu121 with CUDA 1201 (you have 2.1.1+cu118)
    Python  3.9.18 (you have 3.9.19)
  Please reinstall xformers (see https://github.com/facebookresearch/xformers#installing-xformers)
  Memory-efficient attention, SwiGLU, sparse and more won't be available.
  Set XFORMERS_MORE_DETAILS=1 for more details
INFO:__main__:Distributed environment: NO
Num processes: 1
Process index: 0
Local process index: 0
Device: cuda

Mixed precision type: no

/home/twkim/anaconda3/envs/context/lib/python3.9/site-packages/huggingface_hub/file_download.py:1150: FutureWarning: `resume_download` is deprecated and will be removed in version 1.0.0. Downloads always resume when possible. If you want to force a new download, use `force_download=True`.
  warnings.warn(
{'sample_max_value', 'dynamic_thresholding_ratio', 'thresholding', 'prediction_type', 'timestep_spacing', 'clip_sample_range', 'variance_type'} was not found in config. Values will be initialized to default values.
{'scaling_factor'} was not found in config. Values will be initialized to default values.
{'addition_embed_type', 'mid_block_type', 'class_embeddings_concat', 'resnet_out_scale_factor', 'transformer_layers_per_block', 'encoder_hid_dim', 'time_embedding_act_fn', 'resnet_time_scale_shift', 'addition_embed_type_num_heads', 'num_attention_heads', 'timestep_post_act', 'num_class_embeds', 'conv_in_kernel', 'use_linear_projection', 'mid_block_only_cross_attention', 'resnet_skip_time_act', 'class_embed_type', 'time_embedding_type', 'addition_time_embed_dim', 'time_embedding_dim', 'dual_cross_attention', 'encoder_hid_dim_type', 'upcast_attention', 'cross_attention_norm', 'time_cond_proj_dim', 'only_cross_attention', 'projection_class_embeddings_input_dim', 'conv_out_kernel'} was not found in config. Values will be initialized to default values.
INFO:__main__:***** Running training *****
INFO:__main__:  Num examples = 10000000
INFO:__main__:  Num Epochs = 1
INFO:__main__:  Instantaneous batch size per device = 2
INFO:__main__:  Total train batch size (w. parallel, distributed & accumulation) = 8
INFO:__main__:  Gradient Accumulation steps = 4
INFO:__main__:  Total optimization steps = 1000000
set seed 2940
32 norm_num_groups
320 block_out_channels[0]
32 norm_num_groups
[49409] mask_token_ids
seeded
captions_nonliving_relations	29376
captions_nonliving_styles	378
captions_nonliving_human_interactions	4176
captions_nonliving_backgrounds	552
captions_nonliving_creatives	117
seeded
captions_nonliving_relations	29376
captions_nonliving_styles	378
captions_nonliving_human_interactions	4176
captions_nonliving_backgrounds	552
captions_nonliving_creatives	117
position_ids defined_key-clsnet
final.weight defined_key-clsnet
final.bias defined_key-clsnet
position_embedding.weight defined_key-clsnet
multi_head_attention1.in_proj_weight defined_key-clsnet
multi_head_attention1.in_proj_bias defined_key-clsnet
multi_head_attention1.out_proj.weight defined_key-clsnet
multi_head_attention1.out_proj.bias defined_key-clsnet
feed_forward1.W_ff1.weight defined_key-clsnet
feed_forward1.W_ff1.bias defined_key-clsnet
feed_forward1.W_ff2.weight defined_key-clsnet
feed_forward1.W_ff2.bias defined_key-clsnet
layer_norm1.weight defined_key-clsnet
layer_norm1.bias defined_key-clsnet
multi_head_attention2.in_proj_weight defined_key-clsnet
multi_head_attention2.in_proj_bias defined_key-clsnet
multi_head_attention2.out_proj.weight defined_key-clsnet
multi_head_attention2.out_proj.bias defined_key-clsnet
layer_norm2.weight defined_key-clsnet
layer_norm2.bias defined_key-clsnet

module.position_ids saved_key-clsnet
module.final.weight saved_key-clsnet
module.final.bias saved_key-clsnet
module.position_embedding.weight saved_key-clsnet
module.multi_head_attention1.in_proj_weight saved_key-clsnet
module.multi_head_attention1.in_proj_bias saved_key-clsnet
module.multi_head_attention1.out_proj.weight saved_key-clsnet
module.multi_head_attention1.out_proj.bias saved_key-clsnet
module.feed_forward1.W_ff1.weight saved_key-clsnet
module.feed_forward1.W_ff1.bias saved_key-clsnet
module.feed_forward1.W_ff2.weight saved_key-clsnet
module.feed_forward1.W_ff2.bias saved_key-clsnet
module.layer_norm1.weight saved_key-clsnet
module.layer_norm1.bias saved_key-clsnet
module.multi_head_attention2.in_proj_weight saved_key-clsnet
module.multi_head_attention2.in_proj_bias saved_key-clsnet
module.multi_head_attention2.out_proj.weight saved_key-clsnet
module.multi_head_attention2.out_proj.bias saved_key-clsnet
module.layer_norm2.weight saved_key-clsnet
module.layer_norm2.bias saved_key-clsnet
Steps:   0%|          | 0/1000000 [00:00<?, ?it/s]True accepts_keep_fp32_wrapper
{'keep_fp32_wrapper': True} extra_args
Steps:   0%|          | 0/1000000 [00:14<?, ?it/s, loss=0.193, loss_mlm=0.992, lr=0.004, norm_mask=8.02, norm_target=8.42]Steps:   0%|          | 1/1000000 [00:14<4115:28:00, 14.82s/it, loss=0.193, loss_mlm=0.992, lr=0.004, norm_mask=8.02, norm_target=8.42]Steps:   0%|          | 1/1000000 [00:26<4115:28:00, 14.82s/it, loss=0.397, loss_mlm=1.12, lr=0.004, norm_mask=8.02, norm_target=8.42] Steps:   0%|          | 2/1000000 [00:26<3548:02:49, 12.77s/it, loss=0.397, loss_mlm=1.12, lr=0.004, norm_mask=8.02, norm_target=8.42]Steps:   0%|          | 2/1000000 [00:37<3548:02:49, 12.77s/it, loss=0.0822, loss_mlm=0.926, lr=0.004, norm_mask=8.02, norm_target=8.42]Steps:   0%|          | 3/1000000 [00:37<3359:27:33, 12.09s/it, loss=0.0822, loss_mlm=0.926, lr=0.004, norm_mask=8.02, norm_target=8.42]Steps:   0%|          | 3/1000000 [00:48<3359:27:33, 12.09s/it, loss=0.00642, loss_mlm=0.78, lr=0.004, norm_mask=8.02, norm_target=8.98]Steps:   0%|          | 4/1000000 [00:48<3274:11:56, 11.79s/it, loss=0.00642, loss_mlm=0.78, lr=0.004, norm_mask=8.02, norm_target=8.98]Steps:   0%|          | 4/1000000 [01:00<3274:11:56, 11.79s/it, loss=0.0237, loss_mlm=1.24, lr=0.004, norm_mask=8.02, norm_target=8.98] Steps:   0%|          | 5/1000000 [01:00<3224:11:41, 11.61s/it, loss=0.0237, loss_mlm=1.24, lr=0.004, norm_mask=8.02, norm_target=8.98]Steps:   0%|          | 5/1000000 [01:11<3224:11:41, 11.61s/it, loss=0.111, loss_mlm=0.831, lr=0.004, norm_mask=8.02, norm_target=8.98]Steps:   0%|          | 6/1000000 [01:11<3194:34:07, 11.50s/it, loss=0.111, loss_mlm=0.831, lr=0.004, norm_mask=8.02, norm_target=8.98]Steps:   0%|          | 6/1000000 [01:22<3194:34:07, 11.50s/it, loss=0.111, loss_mlm=0.982, lr=0.004, norm_mask=8.02, norm_target=8.98]Steps:   0%|          | 7/1000000 [01:22<3175:32:35, 11.43s/it, loss=0.111, loss_mlm=0.982, lr=0.004, norm_mask=8.02, norm_target=8.98]Steps:   0%|          | 7/1000000 [01:33<3175:32:35, 11.43s/it, loss=0.0743, loss_mlm=0.999, lr=0.004, norm_mask=8.02, norm_target=9.57]Steps:   0%|          | 8/1000000 [01:33<3164:23:50, 11.39s/it, loss=0.0743, loss_mlm=0.999, lr=0.004, norm_mask=8.02, norm_target=9.57]Steps:   0%|          | 8/1000000 [01:45<3164:23:50, 11.39s/it, loss=0.163, loss_mlm=1.16, lr=0.004, norm_mask=8.02, norm_target=9.57]  Steps:   0%|          | 9/1000000 [01:45<3156:42:10, 11.36s/it, loss=0.163, loss_mlm=1.16, lr=0.004, norm_mask=8.02, norm_target=9.57]