INFO:albumentations.check_version:A new version of Albumentations is available: 1.4.15 (you have 1.4.11). Upgrade using: pip install --upgrade albumentations
WARNING:xformers:WARNING[XFORMERS]: xFormers can't load C++/CUDA extensions. xFormers was built for:
    PyTorch 2.1.1+cu121 with CUDA 1201 (you have 2.1.1+cu118)
    Python  3.9.18 (you have 3.9.19)
  Please reinstall xformers (see https://github.com/facebookresearch/xformers#installing-xformers)
  Memory-efficient attention, SwiGLU, sparse and more won't be available.
  Set XFORMERS_MORE_DETAILS=1 for more details
INFO:__main__:Distributed environment: NO
Num processes: 1
Process index: 0
Local process index: 0
Device: cuda

Mixed precision type: no

/home/twkim/anaconda3/envs/context/lib/python3.9/site-packages/huggingface_hub/file_download.py:1150: FutureWarning: `resume_download` is deprecated and will be removed in version 1.0.0. Downloads always resume when possible. If you want to force a new download, use `force_download=True`.
  warnings.warn(
{'thresholding', 'sample_max_value', 'variance_type', 'dynamic_thresholding_ratio', 'prediction_type', 'timestep_spacing', 'clip_sample_range'} was not found in config. Values will be initialized to default values.
{'scaling_factor'} was not found in config. Values will be initialized to default values.
{'encoder_hid_dim', 'only_cross_attention', 'time_embedding_type', 'mid_block_only_cross_attention', 'upcast_attention', 'num_attention_heads', 'cross_attention_norm', 'class_embeddings_concat', 'class_embed_type', 'resnet_skip_time_act', 'time_embedding_dim', 'resnet_out_scale_factor', 'use_linear_projection', 'addition_embed_type', 'addition_time_embed_dim', 'projection_class_embeddings_input_dim', 'encoder_hid_dim_type', 'resnet_time_scale_shift', 'time_cond_proj_dim', 'addition_embed_type_num_heads', 'time_embedding_act_fn', 'mid_block_type', 'transformer_layers_per_block', 'num_class_embeds', 'conv_out_kernel', 'dual_cross_attention', 'timestep_post_act', 'conv_in_kernel'} was not found in config. Values will be initialized to default values.
INFO:__main__:***** Running training *****
INFO:__main__:  Num examples = 10000000
INFO:__main__:  Num Epochs = 1
INFO:__main__:  Instantaneous batch size per device = 2
INFO:__main__:  Total train batch size (w. parallel, distributed & accumulation) = 8
INFO:__main__:  Gradient Accumulation steps = 4
INFO:__main__:  Total optimization steps = 1000000
set seed 2940
32 norm_num_groups
320 block_out_channels[0]
32 norm_num_groups
None mask_token_ids
seeded
captions_nonliving_relations	29376
captions_nonliving_styles	378
captions_nonliving_human_interactions	4176
captions_nonliving_backgrounds	552
captions_nonliving_creatives	117
seeded
captions_nonliving_relations	29376
captions_nonliving_styles	378
captions_nonliving_human_interactions	4176
captions_nonliving_backgrounds	552
captions_nonliving_creatives	117
Steps:   0%|          | 0/1000000 [00:00<?, ?it/s]True accepts_keep_fp32_wrapper
{'keep_fp32_wrapper': True} extra_args
Steps:   0%|          | 0/1000000 [00:13<?, ?it/s, loss=0.27, lr=0.004, norm_target=8.62]Steps:   0%|          | 1/1000000 [00:13<3879:36:19, 13.97s/it, loss=0.27, lr=0.004, norm_target=8.62]Steps:   0%|          | 1/1000000 [00:25<3879:36:19, 13.97s/it, loss=0.397, lr=0.004, norm_target=8.62]Steps:   0%|          | 2/1000000 [00:25<3411:50:09, 12.28s/it, loss=0.397, lr=0.004, norm_target=8.62]Steps:   0%|          | 2/1000000 [00:36<3411:50:09, 12.28s/it, loss=0.0882, lr=0.004, norm_target=8.62]Steps:   0%|          | 3/1000000 [00:36<3261:45:45, 11.74s/it, loss=0.0882, lr=0.004, norm_target=8.62]Steps:   0%|          | 3/1000000 [00:47<3261:45:45, 11.74s/it, loss=0.00669, lr=0.004, norm_target=8.87]Steps:   0%|          | 4/1000000 [00:47<3194:03:33, 11.50s/it, loss=0.00669, lr=0.004, norm_target=8.87]Steps:   0%|          | 4/1000000 [00:58<3194:03:33, 11.50s/it, loss=0.0231, lr=0.004, norm_target=8.87] Steps:   0%|          | 5/1000000 [00:58<3155:00:03, 11.36s/it, loss=0.0231, lr=0.004, norm_target=8.87]Steps:   0%|          | 5/1000000 [01:09<3155:00:03, 11.36s/it, loss=0.0968, lr=0.004, norm_target=8.87]Steps:   0%|          | 6/1000000 [01:09<3130:59:06, 11.27s/it, loss=0.0968, lr=0.004, norm_target=8.87]