INFO:albumentations.check_version:A new version of Albumentations is available: 1.4.14 (you have 1.4.11). Upgrade using: pip install --upgrade albumentations
WARNING:xformers:WARNING[XFORMERS]: xFormers can't load C++/CUDA extensions. xFormers was built for:
    PyTorch 2.1.1+cu121 with CUDA 1201 (you have 2.1.1+cu118)
    Python  3.9.18 (you have 3.9.19)
  Please reinstall xformers (see https://github.com/facebookresearch/xformers#installing-xformers)
  Memory-efficient attention, SwiGLU, sparse and more won't be available.
  Set XFORMERS_MORE_DETAILS=1 for more details
INFO:__main__:Distributed environment: NO
Num processes: 1
Process index: 0
Local process index: 0
Device: cuda

Mixed precision type: no

/home/twkim/anaconda3/envs/context/lib/python3.9/site-packages/huggingface_hub/file_download.py:1150: FutureWarning: `resume_download` is deprecated and will be removed in version 1.0.0. Downloads always resume when possible. If you want to force a new download, use `force_download=True`.
  warnings.warn(
{'dynamic_thresholding_ratio', 'prediction_type', 'timestep_spacing', 'clip_sample_range', 'variance_type', 'thresholding', 'sample_max_value'} was not found in config. Values will be initialized to default values.
{'scaling_factor'} was not found in config. Values will be initialized to default values.
{'cross_attention_norm', 'num_attention_heads', 'conv_in_kernel', 'resnet_time_scale_shift', 'mid_block_only_cross_attention', 'time_cond_proj_dim', 'mid_block_type', 'class_embeddings_concat', 'encoder_hid_dim_type', 'class_embed_type', 'time_embedding_dim', 'addition_time_embed_dim', 'time_embedding_act_fn', 'encoder_hid_dim', 'dual_cross_attention', 'time_embedding_type', 'transformer_layers_per_block', 'only_cross_attention', 'addition_embed_type_num_heads', 'use_linear_projection', 'addition_embed_type', 'upcast_attention', 'num_class_embeds', 'conv_out_kernel', 'timestep_post_act', 'projection_class_embeddings_input_dim', 'resnet_skip_time_act', 'resnet_out_scale_factor'} was not found in config. Values will be initialized to default values.
INFO:__main__:***** Running training *****
INFO:__main__:  Num examples = 10000000
INFO:__main__:  Num Epochs = 1
INFO:__main__:  Instantaneous batch size per device = 2
INFO:__main__:  Total train batch size (w. parallel, distributed & accumulation) = 8
INFO:__main__:  Gradient Accumulation steps = 4
INFO:__main__:  Total optimization steps = 1000000
set seed 2940
32 norm_num_groups
320 block_out_channels[0]
32 norm_num_groups
None mask_token_ids
seeded
captions_pet_relations	29376
captions_pet_styles	378
captions_pet_backgrounds	552
captions_pet_human_interactions	3528
captions_pet_wearings	4560
seeded
captions_pet_relations	29376
captions_pet_styles	378
captions_pet_backgrounds	552
captions_pet_human_interactions	3528
captions_pet_wearings	4560
Steps:   0%|          | 0/1000000 [00:00<?, ?it/s]True accepts_keep_fp32_wrapper
{'keep_fp32_wrapper': True} extra_args
