INFO:albumentations.check_version:A new version of Albumentations is available: 1.4.15 (you have 1.4.11). Upgrade using: pip install --upgrade albumentations
WARNING:xformers:WARNING[XFORMERS]: xFormers can't load C++/CUDA extensions. xFormers was built for:
    PyTorch 2.1.1+cu121 with CUDA 1201 (you have 2.1.1+cu118)
    Python  3.9.18 (you have 3.9.19)
  Please reinstall xformers (see https://github.com/facebookresearch/xformers#installing-xformers)
  Memory-efficient attention, SwiGLU, sparse and more won't be available.
  Set XFORMERS_MORE_DETAILS=1 for more details
INFO:__main__:Distributed environment: NO
Num processes: 1
Process index: 0
Local process index: 0
Device: cuda

Mixed precision type: no

/home/twkim/anaconda3/envs/context/lib/python3.9/site-packages/huggingface_hub/file_download.py:1150: FutureWarning: `resume_download` is deprecated and will be removed in version 1.0.0. Downloads always resume when possible. If you want to force a new download, use `force_download=True`.
  warnings.warn(
{'variance_type', 'sample_max_value', 'clip_sample_range', 'timestep_spacing', 'prediction_type', 'dynamic_thresholding_ratio', 'thresholding'} was not found in config. Values will be initialized to default values.
{'scaling_factor'} was not found in config. Values will be initialized to default values.
{'resnet_out_scale_factor', 'addition_time_embed_dim', 'projection_class_embeddings_input_dim', 'class_embed_type', 'time_cond_proj_dim', 'cross_attention_norm', 'num_attention_heads', 'timestep_post_act', 'mid_block_only_cross_attention', 'encoder_hid_dim', 'num_class_embeds', 'conv_in_kernel', 'addition_embed_type_num_heads', 'time_embedding_act_fn', 'addition_embed_type', 'class_embeddings_concat', 'conv_out_kernel', 'transformer_layers_per_block', 'resnet_time_scale_shift', 'upcast_attention', 'time_embedding_type', 'time_embedding_dim', 'encoder_hid_dim_type', 'resnet_skip_time_act', 'mid_block_type', 'use_linear_projection', 'only_cross_attention', 'dual_cross_attention'} was not found in config. Values will be initialized to default values.
INFO:__main__:***** Running training *****
INFO:__main__:  Num examples = 10000000
INFO:__main__:  Num Epochs = 1
INFO:__main__:  Instantaneous batch size per device = 2
INFO:__main__:  Total train batch size (w. parallel, distributed & accumulation) = 8
INFO:__main__:  Gradient Accumulation steps = 4
INFO:__main__:  Total optimization steps = 1000000
set seed 2940
32 norm_num_groups
320 block_out_channels[0]
32 norm_num_groups
[49409] mask_token_ids
seeded
captions_pet_relations	29376
captions_pet_styles	378
captions_pet_backgrounds	552
captions_pet_human_interactions	3528
captions_pet_wearings	4560
seeded
captions_pet_relations	29376
captions_pet_styles	378
captions_pet_backgrounds	552
captions_pet_human_interactions	3528
captions_pet_wearings	4560
position_ids defined_key-clsnet
final.weight defined_key-clsnet
final.bias defined_key-clsnet
position_embedding.weight defined_key-clsnet
multi_head_attention1.in_proj_weight defined_key-clsnet
multi_head_attention1.in_proj_bias defined_key-clsnet
multi_head_attention1.out_proj.weight defined_key-clsnet
multi_head_attention1.out_proj.bias defined_key-clsnet
feed_forward1.W_ff1.weight defined_key-clsnet
feed_forward1.W_ff1.bias defined_key-clsnet
feed_forward1.W_ff2.weight defined_key-clsnet
feed_forward1.W_ff2.bias defined_key-clsnet
layer_norm1.weight defined_key-clsnet
layer_norm1.bias defined_key-clsnet
multi_head_attention2.in_proj_weight defined_key-clsnet
multi_head_attention2.in_proj_bias defined_key-clsnet
multi_head_attention2.out_proj.weight defined_key-clsnet
multi_head_attention2.out_proj.bias defined_key-clsnet
layer_norm2.weight defined_key-clsnet
layer_norm2.bias defined_key-clsnet

module.position_ids saved_key-clsnet
module.final.weight saved_key-clsnet
module.final.bias saved_key-clsnet
module.position_embedding.weight saved_key-clsnet
module.multi_head_attention1.in_proj_weight saved_key-clsnet
module.multi_head_attention1.in_proj_bias saved_key-clsnet
module.multi_head_attention1.out_proj.weight saved_key-clsnet
module.multi_head_attention1.out_proj.bias saved_key-clsnet
module.feed_forward1.W_ff1.weight saved_key-clsnet
module.feed_forward1.W_ff1.bias saved_key-clsnet
module.feed_forward1.W_ff2.weight saved_key-clsnet
module.feed_forward1.W_ff2.bias saved_key-clsnet
module.layer_norm1.weight saved_key-clsnet
module.layer_norm1.bias saved_key-clsnet
module.multi_head_attention2.in_proj_weight saved_key-clsnet
module.multi_head_attention2.in_proj_bias saved_key-clsnet
module.multi_head_attention2.out_proj.weight saved_key-clsnet
module.multi_head_attention2.out_proj.bias saved_key-clsnet
module.layer_norm2.weight saved_key-clsnet
module.layer_norm2.bias saved_key-clsnet
Steps:   0%|          | 0/1000000 [00:00<?, ?it/s]True accepts_keep_fp32_wrapper
{'keep_fp32_wrapper': True} extra_args
Steps:   0%|          | 0/1000000 [00:15<?, ?it/s, loss=0.227, loss_mlm=0.857, lr=0.004, norm_mask=8.02, norm_target=8.24]Steps:   0%|          | 1/1000000 [00:15<4292:54:31, 15.45s/it, loss=0.227, loss_mlm=0.857, lr=0.004, norm_mask=8.02, norm_target=8.24]Steps:   0%|          | 1/1000000 [00:26<4292:54:31, 15.45s/it, loss=0.372, loss_mlm=0.966, lr=0.004, norm_mask=8.02, norm_target=8.24]Steps:   0%|          | 2/1000000 [00:26<3621:52:46, 13.04s/it, loss=0.372, loss_mlm=0.966, lr=0.004, norm_mask=8.02, norm_target=8.24]Steps:   0%|          | 2/1000000 [00:38<3621:52:46, 13.04s/it, loss=0.0832, loss_mlm=0.625, lr=0.004, norm_mask=8.02, norm_target=8.24]Steps:   0%|          | 3/1000000 [00:38<3399:15:01, 12.24s/it, loss=0.0832, loss_mlm=0.625, lr=0.004, norm_mask=8.02, norm_target=8.24]Steps:   0%|          | 3/1000000 [00:49<3399:15:01, 12.24s/it, loss=0.00722, loss_mlm=0.94, lr=0.004, norm_mask=8.02, norm_target=8.63]Steps:   0%|          | 4/1000000 [00:49<3298:07:59, 11.87s/it, loss=0.00722, loss_mlm=0.94, lr=0.004, norm_mask=8.02, norm_target=8.63]