/home/twkim/anaconda3/envs/context/lib/python3.9/site-packages/huggingface_hub/file_download.py:1150: FutureWarning: `resume_download` is deprecated and will be removed in version 1.0.0. Downloads always resume when possible. If you want to force a new download, use `force_download=True`.
  warnings.warn(
`text_config_dict` is provided which will be used to initialize `CLIPTextConfig`. The value `text_config["id2label"]` will be overriden.
`text_config_dict` is provided which will be used to initialize `CLIPTextConfig`. The value `text_config["bos_token_id"]` will be overriden.
`text_config_dict` is provided which will be used to initialize `CLIPTextConfig`. The value `text_config["eos_token_id"]` will be overriden.
results/ti_attns_seed7777/bigger_reduced4_prior_seed7777_qlab03_rep2/ti_bigger_qlab03_prior_nomlm_chair1_s2000_seed7777 exp_dir
results/ti_attns_seed7777/bigger_reduced4_prior_seed7777_qlab03_rep2/ti_bigger_qlab03_prior_nomlm_chair1_s2000_seed7777/src/command.txt command_path
visualize_attns_ce.py item
--pretrained_model_name_or_path=runwayml/stable-diffusion-v1-5 item
--train_data_dir1=/data/twkim/diffusion/personalization/collected/images/chair1 item
--placeholder_token1=<chair1> item
--train_prior_concept1=chair item
--eval_prior_concept1=chair item
--resolution=512 item
--dst_exp_path=results/ti_attns_seed7777/bigger_reduced4_prior_seed7777_qlab03_rep2/ti_bigger_qlab03_prior_nomlm_chair1_s2000 item
--benchmark_path=../datasets_pkgs/eval_prompts/analysis_ce.json item
--eval_batch_size=5 item
--num_images_per_prompt=8 item
--output_dir=results/ti_attns_seed7777/bigger_reduced4_prior_seed7777_qlab03_rep2 item
--seed=7777 item
--mask_tokens=[MASK] item
--learned_embed_path1=saved_models/ti_attn_models/bigger_reduced4_prior_seed7777_qlab03_rep2/chair1/ti_bigger_qlab03_prior_nomlm_chair1/checkpoints/learned_embeds_s2000.pt item
--calibrate_ppos1=0 item
--eval_prompt_type=all item
--include_prior_concept=1 item
torch.Size([49408, 768]) token_embeds.shape before
torch.Size([49410, 768]) token_embeds.shape after
32 norm_num_groups
320 block_out_channels[0]
32 norm_num_groups
/home/twkim/project/rich_context_qlab04/attention/./packages/diffusers/models/modeling_utils.py inspect
unet param loaded
  0%|          | 0/50 [00:00<?, ?it/s]  2%|▏         | 1/50 [00:01<00:53,  1.09s/it]  4%|▍         | 2/50 [00:01<00:40,  1.19it/s]  6%|▌         | 3/50 [00:02<00:35,  1.32it/s]  8%|▊         | 4/50 [00:03<00:33,  1.39it/s] 10%|█         | 5/50 [00:03<00:31,  1.44it/s] 12%|█▏        | 6/50 [00:04<00:30,  1.46it/s] 14%|█▍        | 7/50 [00:05<00:29,  1.48it/s] 16%|█▌        | 8/50 [00:05<00:28,  1.49it/s] 18%|█▊        | 9/50 [00:06<00:27,  1.50it/s] 20%|██        | 10/50 [00:07<00:26,  1.51it/s] 22%|██▏       | 11/50 [00:07<00:25,  1.52it/s] 24%|██▍       | 12/50 [00:08<00:25,  1.52it/s] 26%|██▌       | 13/50 [00:08<00:24,  1.52it/s]